  [4;36;1mSQL (1.0ms)[0m   [0;1m SELECT name
 FROM sqlite_master
 WHERE type = 'table' AND NOT name = 'sqlite_sequence'
[0m
  [4;35;1mSQL (0.6ms)[0m   [0mselect sqlite_version(*)[0m
  [4;36;1mSQL (137.5ms)[0m   [0;1mCREATE TABLE "schema_migrations" ("version" varchar(255) NOT NULL) [0m
  [4;35;1mSQL (0.2ms)[0m   [0mPRAGMA index_list("schema_migrations")[0m
  [4;36;1mSQL (72.1ms)[0m   [0;1mCREATE UNIQUE INDEX "unique_schema_migrations" ON "schema_migrations" ("version")[0m
  [4;35;1mSQL (0.4ms)[0m   [0m SELECT name
 FROM sqlite_master
 WHERE type = 'table' AND NOT name = 'sqlite_sequence'
[0m
  [4;36;1mSQL (0.2ms)[0m   [0;1mSELECT version FROM schema_migrations[0m
Migrating to CreateUsers (20101107061526)
  [4;35;1mSQL (0.6ms)[0m   [0mCREATE TABLE "users" ("id" INTEGER PRIMARY KEY AUTOINCREMENT NOT NULL, "username" varchar(255), "email" varchar(255), "created_at" datetime, "updated_at" datetime) [0m
  [4;36;1mSQL (0.2ms)[0m   [0;1mINSERT INTO schema_migrations (version) VALUES ('20101107061526')[0m
  [4;35;1mSQL (0.6ms)[0m   [0m SELECT name
 FROM sqlite_master
 WHERE type = 'table' AND NOT name = 'sqlite_sequence'
[0m
  [4;36;1mSQL (0.5ms)[0m   [0;1mSELECT version FROM schema_migrations[0m
  [4;35;1mSQL (0.5ms)[0m   [0m SELECT name
 FROM sqlite_master
 WHERE type = 'table' AND NOT name = 'sqlite_sequence'
[0m
  [4;36;1mSQL (0.1ms)[0m   [0;1mPRAGMA index_list("users")[0m
  [4;36;1mSQL (0.7ms)[0m   [0;1m SELECT name
 FROM sqlite_master
 WHERE type = 'table' AND NOT name = 'sqlite_sequence'
[0m
  [4;35;1mSQL (0.2ms)[0m   [0mSELECT version FROM schema_migrations[0m
Migrating to CreateUsers (20101107061526)
Migrating to AddAttachmentsAttachmentToUser (20101107061731)
  [4;36;1mSQL (0.1ms)[0m   [0;1mselect sqlite_version(*)[0m
  [4;35;1mSQL (0.6ms)[0m   [0mALTER TABLE "users" ADD "attachment_file_name" varchar(255)[0m
  [4;36;1mSQL (0.3ms)[0m   [0;1mALTER TABLE "users" ADD "attachment_content_type" varchar(255)[0m
  [4;35;1mSQL (0.2ms)[0m   [0mALTER TABLE "users" ADD "attachment_file_size" integer[0m
  [4;36;1mSQL (0.2ms)[0m   [0;1mALTER TABLE "users" ADD "attachment_updated_at" datetime[0m
  [4;35;1mSQL (0.2ms)[0m   [0mINSERT INTO schema_migrations (version) VALUES ('20101107061731')[0m
  [4;36;1mSQL (0.3ms)[0m   [0;1m SELECT name
 FROM sqlite_master
 WHERE type = 'table' AND NOT name = 'sqlite_sequence'
[0m
  [4;35;1mSQL (0.2ms)[0m   [0mSELECT version FROM schema_migrations[0m
  [4;36;1mSQL (0.2ms)[0m   [0;1m SELECT name
 FROM sqlite_master
 WHERE type = 'table' AND NOT name = 'sqlite_sequence'
[0m
  [4;35;1mSQL (0.1ms)[0m   [0mPRAGMA index_list("users")[0m


Processing UsersController#new (for 127.0.0.1 at 2010-11-07 01:30:21) [GET]
Rendering template within layouts/users
Rendering users/new

ActionView::TemplateError (wrong number of arguments (0 for 1)) on line #4 of app/views/users/new.html.erb:
1: <h1>New user</h1>
2: 
3: <% form_for @user, :html => { :multipart => true } do |f| %>
4:   <%= form.label :username, "Username" %>
5:   <%= form.text_field :username %>
6:   <%= form.label :email, "Email" %>
7:   <%= form.text_field :email %>

    app/views/users/new.html.erb:4:in `form'
    app/views/users/new.html.erb:4
    app/views/users/new.html.erb:3
    app/controllers/users_controller.rb:23:in `new'
    /usr/lib/ruby/1.8/webrick/httpserver.rb:104:in `service'
    /usr/lib/ruby/1.8/webrick/httpserver.rb:65:in `run'
    /usr/lib/ruby/1.8/webrick/server.rb:173:in `start_thread'
    /usr/lib/ruby/1.8/webrick/server.rb:162:in `start'
    /usr/lib/ruby/1.8/webrick/server.rb:162:in `start_thread'
    /usr/lib/ruby/1.8/webrick/server.rb:95:in `start'
    /usr/lib/ruby/1.8/webrick/server.rb:92:in `each'
    /usr/lib/ruby/1.8/webrick/server.rb:92:in `start'
    /usr/lib/ruby/1.8/webrick/server.rb:23:in `start'
    /usr/lib/ruby/1.8/webrick/server.rb:82:in `start'

Rendered rescues/_trace (152.6ms)
Rendered rescues/_request_and_response (1.7ms)
Rendering rescues/layout (internal_server_error)


Processing UsersController#new (for 127.0.0.1 at 2010-11-07 01:31:16) [GET]
Rendering template within layouts/users
Rendering users/new

ActionView::TemplateError (wrong number of arguments (0 for 1)) on line #5 of app/views/users/new.html.erb:
2: 
3: <% form_for @user, :html => { :multipart => true } do |f| %>
4: 
5:   <%= form.text_field :username %>
6:   
7:   <%= form.text_field :email %>
8:   <%= form.label :attachment, "Attachment" %>  

    app/views/users/new.html.erb:5:in `form'
    app/views/users/new.html.erb:5
    app/views/users/new.html.erb:3
    app/controllers/users_controller.rb:23:in `new'
    /usr/lib/ruby/1.8/webrick/httpserver.rb:104:in `service'
    /usr/lib/ruby/1.8/webrick/httpserver.rb:65:in `run'
    /usr/lib/ruby/1.8/webrick/server.rb:173:in `start_thread'
    /usr/lib/ruby/1.8/webrick/server.rb:162:in `start'
    /usr/lib/ruby/1.8/webrick/server.rb:162:in `start_thread'
    /usr/lib/ruby/1.8/webrick/server.rb:95:in `start'
    /usr/lib/ruby/1.8/webrick/server.rb:92:in `each'
    /usr/lib/ruby/1.8/webrick/server.rb:92:in `start'
    /usr/lib/ruby/1.8/webrick/server.rb:23:in `start'
    /usr/lib/ruby/1.8/webrick/server.rb:82:in `start'

Rendered rescues/_trace (57.3ms)
Rendered rescues/_request_and_response (0.4ms)
Rendering rescues/layout (internal_server_error)


Processing UsersController#new (for 127.0.0.1 at 2010-11-07 01:32:12) [GET]
Rendering template within layouts/users
Rendering users/new

ActionView::TemplateError (wrong number of arguments (0 for 1)) on line #4 of app/views/users/new.html.erb:
1: <h1>New user</h1>
2: 
3: <% form_for @user, :html => { :multipart => true } do |f| %>
4:   <%= form.label :username, "Username" %>
5:   <%= form.text_field :username %>
6:   <%= form.label :email, "Email" %>
7:   <%= form.text_field :email %>

    app/views/users/new.html.erb:4:in `form'
    app/views/users/new.html.erb:4
    app/views/users/new.html.erb:3
    app/controllers/users_controller.rb:23:in `new'
    /usr/lib/ruby/1.8/webrick/httpserver.rb:104:in `service'
    /usr/lib/ruby/1.8/webrick/httpserver.rb:65:in `run'
    /usr/lib/ruby/1.8/webrick/server.rb:173:in `start_thread'
    /usr/lib/ruby/1.8/webrick/server.rb:162:in `start'
    /usr/lib/ruby/1.8/webrick/server.rb:162:in `start_thread'
    /usr/lib/ruby/1.8/webrick/server.rb:95:in `start'
    /usr/lib/ruby/1.8/webrick/server.rb:92:in `each'
    /usr/lib/ruby/1.8/webrick/server.rb:92:in `start'
    /usr/lib/ruby/1.8/webrick/server.rb:23:in `start'
    /usr/lib/ruby/1.8/webrick/server.rb:82:in `start'

Rendered rescues/_trace (143.2ms)
Rendered rescues/_request_and_response (1.8ms)
Rendering rescues/layout (internal_server_error)


Processing UsersController#new (for 127.0.0.1 at 2010-11-07 01:33:31) [GET]
Rendering template within layouts/users
Rendering users/new
Completed in 30ms (View: 19, DB: 0) | 200 OK [http://localhost/users/new]


Processing UsersController#new (for 127.0.0.1 at 2010-11-07 01:38:02) [GET]
Rendering template within layouts/users
Rendering users/new
Completed in 37ms (View: 26, DB: 0) | 200 OK [http://localhost/users/new]


Processing UsersController#new (for 127.0.0.1 at 2010-11-07 01:38:05) [GET]
Rendering template within layouts/users
Rendering users/new
Completed in 19ms (View: 9, DB: 0) | 200 OK [http://localhost/users/new]


Processing UsersController#index (for 127.0.0.1 at 2010-11-07 01:38:07) [GET]
  [4;36;1mUser Load (2.5ms)[0m   [0;1mSELECT * FROM "users" [0m
Rendering template within layouts/users
Rendering users/index
Completed in 22ms (View: 9, DB: 2) | 200 OK [http://localhost/users/]


Processing UsersController#new (for 127.0.0.1 at 2010-11-07 01:38:10) [GET]
Rendering template within layouts/users
Rendering users/new
Completed in 20ms (View: 9, DB: 0) | 200 OK [http://localhost/users/new]


Processing UsersController#create (for 127.0.0.1 at 2010-11-07 12:20:12) [POST]
  Parameters: {"commit"=>"Create", "authenticity_token"=>"50WJRyAg+3m+2XwcRXqTd1sTHc9v2GyOBayi1KGiSwU=", "user"=>{"attachment"=>#<File:/tmp/RackMultipart20101107-15590-jyiux9-0>, "username"=>"", "email"=>""}}
  [4;35;1mUser Create (0.8ms)[0m   [0mINSERT INTO "users" ("attachment_file_name", "created_at", "attachment_content_type", "attachment_file_size", "updated_at", "username", "email", "attachment_updated_at") VALUES('backgrounds.xml', '2010-11-07 17:20:12', 'text/xml', 5323, '2010-11-07 17:20:12', '', '', '2010-11-07 17:20:12')[0m
[paperclip] Saving attachments.
[paperclip] saving /home/prashanth/rails/file_upload/public/system/attachments/1/original/backgrounds.xml
Redirected to http://localhost:3000/users/1
Completed in 241ms (DB: 1) | 302 Found [http://localhost/users]


Processing UsersController#show (for 127.0.0.1 at 2010-11-07 12:20:12) [GET]
  Parameters: {"id"=>"1"}
  [4;36;1mUser Load (0.4ms)[0m   [0;1mSELECT * FROM "users" WHERE ("users"."id" = 1) [0m
Rendering template within layouts/users
Rendering users/show
Completed in 20ms (View: 8, DB: 0) | 200 OK [http://localhost/users/1]


Processing UsersController#index (for 127.0.0.1 at 2010-11-07 12:21:43) [GET]
  [4;35;1mUser Load (0.7ms)[0m   [0mSELECT * FROM "users" [0m
Rendering template within layouts/users
Rendering users/index
Completed in 17ms (View: 8, DB: 1) | 200 OK [http://localhost/users]


Processing UsersController#new (for 127.0.0.1 at 2010-11-07 12:21:47) [GET]
Rendering template within layouts/users
Rendering users/new
Completed in 21ms (View: 9, DB: 0) | 200 OK [http://localhost/users/new]


Processing UsersController#create (for 127.0.0.1 at 2010-11-07 12:21:54) [POST]
  Parameters: {"commit"=>"Create", "authenticity_token"=>"50WJRyAg+3m+2XwcRXqTd1sTHc9v2GyOBayi1KGiSwU=", "user"=>{"username"=>"user2", "email"=>"user2"}}
  [4;36;1mUser Create (0.3ms)[0m   [0;1mINSERT INTO "users" ("attachment_file_name", "created_at", "attachment_content_type", "attachment_file_size", "updated_at", "username", "email", "attachment_updated_at") VALUES(NULL, '2010-11-07 17:21:54', NULL, NULL, '2010-11-07 17:21:54', 'user2', 'user2', NULL)[0m
[paperclip] Saving attachments.
Redirected to http://localhost:3000/users/2
Completed in 122ms (DB: 0) | 302 Found [http://localhost/users]


Processing UsersController#show (for 127.0.0.1 at 2010-11-07 12:21:54) [GET]
  Parameters: {"id"=>"2"}
  [4;35;1mUser Load (0.3ms)[0m   [0mSELECT * FROM "users" WHERE ("users"."id" = 2) [0m
Rendering template within layouts/users
Rendering users/show
Completed in 14ms (View: 3, DB: 0) | 200 OK [http://localhost/users/2]


Processing UsersController#new (for 127.0.0.1 at 2010-11-07 12:22:09) [GET]
Rendering template within layouts/users
Rendering users/new
Completed in 18ms (View: 8, DB: 0) | 200 OK [http://localhost/users/new]


Processing UsersController#create (for 127.0.0.1 at 2010-11-07 12:22:32) [POST]
  Parameters: {"commit"=>"Create", "authenticity_token"=>"50WJRyAg+3m+2XwcRXqTd1sTHc9v2GyOBayi1KGiSwU=", "user"=>{"attachment"=>#<File:/tmp/RackMultipart20101107-15590-3ptm2y-0>, "username"=>"user3", "email"=>"user3@example.com"}}
  [4;36;1mUser Create (0.5ms)[0m   [0;1mINSERT INTO "users" ("attachment_file_name", "created_at", "attachment_content_type", "attachment_file_size", "updated_at", "username", "email", "attachment_updated_at") VALUES('AUTOEXEC.BAT', '2010-11-07 17:22:32', 'application/x-msdos-program', 0, '2010-11-07 17:22:32', 'user3', 'user3@example.com', '2010-11-07 17:22:32')[0m
[paperclip] Saving attachments.
[paperclip] saving /home/prashanth/rails/file_upload/public/system/attachments/3/original/AUTOEXEC.BAT
Redirected to http://localhost:3000/users/3
Completed in 179ms (DB: 1) | 302 Found [http://localhost/users]


Processing UsersController#show (for 127.0.0.1 at 2010-11-07 12:22:32) [GET]
  Parameters: {"id"=>"3"}
  [4;35;1mUser Load (1.3ms)[0m   [0mSELECT * FROM "users" WHERE ("users"."id" = 3) [0m
Rendering template within layouts/users
Rendering users/show
Completed in 16ms (View: 3, DB: 1) | 200 OK [http://localhost/users/3]


Processing UsersController#new (for 127.0.0.1 at 2010-11-09 18:13:36) [GET]
Rendering template within layouts/users
Rendering users/new
Completed in 42ms (View: 32, DB: 0) | 200 OK [http://localhost/users/new]


Processing UsersController#index (for 127.0.0.1 at 2010-11-26 12:38:50) [GET]
  [4;36;1mUser Load (0.8ms)[0m   [0;1mSELECT * FROM "users" [0m
Rendering template within layouts/users
Rendering users/index
Completed in 47ms (View: 40, DB: 1) | 200 OK [http://localhost/users]


Processing ApplicationController#index (for 127.0.0.1 at 2010-11-26 12:38:56) [GET]

ActionController::RoutingError (No route matches "/new" with {:method=>:get}):
  /usr/lib/ruby/1.8/webrick/httpserver.rb:104:in `service'
  /usr/lib/ruby/1.8/webrick/httpserver.rb:65:in `run'
  /usr/lib/ruby/1.8/webrick/server.rb:173:in `start_thread'
  /usr/lib/ruby/1.8/webrick/server.rb:162:in `start'
  /usr/lib/ruby/1.8/webrick/server.rb:162:in `start_thread'
  /usr/lib/ruby/1.8/webrick/server.rb:95:in `start'
  /usr/lib/ruby/1.8/webrick/server.rb:92:in `each'
  /usr/lib/ruby/1.8/webrick/server.rb:92:in `start'
  /usr/lib/ruby/1.8/webrick/server.rb:23:in `start'
  /usr/lib/ruby/1.8/webrick/server.rb:82:in `start'

Rendering rescues/layout (not_found)


Processing UsersController#new (for 127.0.0.1 at 2010-11-26 12:39:00) [GET]
Rendering template within layouts/users
Rendering users/new
Completed in 62ms (View: 52, DB: 0) | 200 OK [http://localhost/users/new]


Processing UsersController#create (for 127.0.0.1 at 2010-11-26 12:39:20) [POST]
  Parameters: {"commit"=>"Create", "authenticity_token"=>"J2WvV1ALuISd2+NpIkmld1neY1I5z0QW80+WhuP+Aus=", "user"=>{"attachment"=>#<File:/tmp/RackMultipart20101126-24513-y1ahiu-0>, "username"=>"xyz", "email"=>"xyz@example.com"}}
  [4;35;1mUser Create (0.5ms)[0m   [0mINSERT INTO "users" ("attachment_file_name", "created_at", "attachment_content_type", "attachment_file_size", "updated_at", "username", "email", "attachment_updated_at") VALUES('3.itservicefrontpage.docx', '2010-11-26 17:39:20', 'application/vnd.openxmlformats-officedocument.wordprocessingml.document', 56395, '2010-11-26 17:39:20', 'xyz', 'xyz@example.com', '2010-11-26 17:39:20')[0m
[paperclip] Saving attachments.
[paperclip] saving /home/prashanth/rails/file_upload/public/system/attachments/4/original/3.itservicefrontpage.docx
Redirected to http://localhost:3000/users/4
Completed in 230ms (DB: 0) | 302 Found [http://localhost/users]


Processing UsersController#show (for 127.0.0.1 at 2010-11-26 12:39:21) [GET]
  Parameters: {"id"=>"4"}
  [4;36;1mUser Load (0.4ms)[0m   [0;1mSELECT * FROM "users" WHERE ("users"."id" = 4) [0m
Rendering template within layouts/users
Rendering users/show
Completed in 25ms (View: 16, DB: 0) | 200 OK [http://localhost/users/4]


Processing UsersController#index (for 127.0.0.1 at 2010-11-26 12:40:20) [GET]
  [4;35;1mUser Load (0.6ms)[0m   [0mSELECT * FROM "users" [0m
Rendering template within layouts/users
Rendering users/index
Completed in 23ms (View: 15, DB: 1) | 200 OK [http://localhost/users]
